<?xml version="1.0" encoding="UTF-8"?>
<testng-results ignored="0" total="1" passed="1" failed="0" skipped="0">
  <reporter-output>
  </reporter-output>
  <suite started-at="2022-12-04T12:56:26 IST" name="Default suite" finished-at="2022-12-04T12:56:48 IST" duration-ms="21792">
    <groups>
    </groups>
    <test started-at="2022-12-04T12:56:26 IST" name="Default test" finished-at="2022-12-04T12:56:48 IST" duration-ms="21792">
      <class name="TESTNGpakageMAVAN.NeoStoxTestbypropertiesfile">
        <test-method is-config="true" signature="beforeClass()[pri:0, instance:TESTNGpakageMAVAN.NeoStoxTestbypropertiesfile@31fa1761]" started-at="2022-12-04T12:56:26 IST" name="beforeClass" finished-at="2022-12-04T12:56:33 IST" duration-ms="6799" status="PASS">
          <reporter-output>
          </reporter-output>
        </test-method> <!-- beforeClass -->
        <test-method is-config="true" signature="NeoStoxLogin()[pri:0, instance:TESTNGpakageMAVAN.NeoStoxTestbypropertiesfile@31fa1761]" started-at="2022-12-04T12:56:33 IST" name="NeoStoxLogin" finished-at="2022-12-04T12:56:45 IST" duration-ms="12212" status="PASS">
          <reporter-output>
          </reporter-output>
        </test-method> <!-- NeoStoxLogin -->
        <test-method signature="ValidatedUserName()[pri:0, instance:TESTNGpakageMAVAN.NeoStoxTestbypropertiesfile@31fa1761]" started-at="2022-12-04T12:56:45 IST" name="ValidatedUserName" finished-at="2022-12-04T12:56:45 IST" duration-ms="86" status="PASS">
          <reporter-output>
          </reporter-output>
        </test-method> <!-- ValidatedUserName -->
        <test-method is-config="true" signature="LogoutNeoStox()[pri:0, instance:TESTNGpakageMAVAN.NeoStoxTestbypropertiesfile@31fa1761]" started-at="2022-12-04T12:56:45 IST" name="LogoutNeoStox" finished-at="2022-12-04T12:56:47 IST" duration-ms="2252" status="PASS">
          <reporter-output>
          </reporter-output>
        </test-method> <!-- LogoutNeoStox -->
        <test-method is-config="true" signature="CloseNeoStox()[pri:0, instance:TESTNGpakageMAVAN.NeoStoxTestbypropertiesfile@31fa1761]" started-at="2022-12-04T12:56:47 IST" name="CloseNeoStox" finished-at="2022-12-04T12:56:48 IST" duration-ms="383" status="PASS">
          <reporter-output>
          </reporter-output>
        </test-method> <!-- CloseNeoStox -->
      </class> <!-- TESTNGpakageMAVAN.NeoStoxTestbypropertiesfile -->
    </test> <!-- Default test -->
  </suite> <!-- Default suite -->
</testng-results>
